sample/build/outputs/logs/manifest-merger-debug-report.txt
-- Merging decision tree log ---
manifest
ADDED from AndroidManifest.xml:2:1
	xmlns:android
		ADDED from AndroidManifest.xml:2:11
	package
		ADDED from AndroidManifest.xml:3:5
		INJECTED from AndroidManifest.xml:0:0
		INJECTED from AndroidManifest.xml:0:0
	android:versionName
		INJECTED from AndroidManifest.xml:0:0
		INJECTED from AndroidManifest.xml:0:0
	android:versionCode
		INJECTED from AndroidManifest.xml:0:0
		INJECTED from AndroidManifest.xml:0:0
uses-permission#android.permission.INTERNET
ADDED from AndroidManifest.xml:5:5
	android:name
		ADDED from AndroidManifest.xml:5:22
uses-permission#android.permission.WRITE_EXTERNAL_STORAGE
ADDED from AndroidManifest.xml:6:5
	android:name
		ADDED from AndroidManifest.xml:6:22
application
ADDED from AndroidManifest.xml:8:5
MERGED from com.android.support:support-v4:22.2.0:22:5
	android:label
		ADDED from AndroidManifest.xml:11:9
	android:allowBackup
		ADDED from AndroidManifest.xml:12:3
	android:icon
		ADDED from AndroidManifest.xml:10:9
	android:name
		ADDED from AndroidManifest.xml:9:9
activity#com.nostra13.universalimageloader.sample.activity.HomeActivity
ADDED from AndroidManifest.xml:13:9
	android:label
		ADDED from AndroidManifest.xml:15:13
	android:name
		ADDED from AndroidManifest.xml:14:13
intent-filter#android.intent.action.MAIN+android.intent.category.LAUNCHER
ADDED from AndroidManifest.xml:16:13
action#android.intent.action.MAIN
ADDED from AndroidManifest.xml:17:17
	android:name
		ADDED from AndroidManifest.xml:17:25
category#android.intent.category.LAUNCHER
ADDED from AndroidManifest.xml:19:17
	android:name
		ADDED from AndroidManifest.xml:19:27
activity#com.nostra13.universalimageloader.sample.activity.SimpleImageActivity
ADDED from AndroidManifest.xml:22:9
	android:label
		ADDED from AndroidManifest.xml:24:13
	android:name
		ADDED from AndroidManifest.xml:23:13
activity#com.nostra13.universalimageloader.sample.activity.ComplexImageActivity
ADDED from AndroidManifest.xml:25:3
	android:label
		ADDED from AndroidManifest.xml:27:4
	android:name
		ADDED from AndroidManifest.xml:26:4
receiver#com.nostra13.universalimageloader.sample.widget.UILWidgetProvider
ADDED from AndroidManifest.xml:30:9
	android:name
		ADDED from AndroidManifest.xml:30:19
meta-data#android.appwidget.provider
ADDED from AndroidManifest.xml:31:13
	android:resource
		ADDED from AndroidManifest.xml:33:17
	android:name
		ADDED from AndroidManifest.xml:32:17
intent-filter#android.appwidget.action.APPWIDGET_UPDATE
ADDED from AndroidManifest.xml:35:13
action#android.appwidget.action.APPWIDGET_UPDATE
ADDED from AndroidManifest.xml:36:17
	android:name
		ADDED from AndroidManifest.xml:36:25
uses-sdk
INJECTED from AndroidManifest.xml:0:0 reason: use-sdk injection requested
MERGED from Website_Analyser:library:unspecified:7:5
MERGED from com.android.support:support-v4:22.2.0:20:5
	android:targetSdkVersion
		INJECTED from AndroidManifest.xml:0:0
		INJECTED from AndroidManifest.xml:0:0
	android:minSdkVersion
		INJECTED from AndroidManifest.xml:0:0
		INJECTED from AndroidManifest.xml:0:0